<?xml version="1.0" encoding="utf-8"?><testsuites><testsuite name="pytest" errors="0" failures="0" skipped="0" tests="7" time="0.057" timestamp="2025-09-28T16:31:40.065456" hostname="Mac-mini.local"><testcase classname="ISBN.tests.test_booksrun_cli" name="test_booksrun_cli_writes_csv" time="0.005" /><testcase classname="ISBN.tests.test_booksrun_cli" name="test_booksrun_cli_all_errors" time="0.001" /><testcase classname="ISBN.tests.test_booksrun_client" name="test_get_sell_quote_success" time="0.000" /><testcase classname="ISBN.tests.test_booksrun_client" name="test_get_sell_quote_zero_values" time="0.000" /><testcase classname="ISBN.tests.test_booksrun_client" name="test_get_sell_quote_retries" time="0.000" /><testcase classname="ISBN.tests.test_booksrun_client" name="test_get_sell_quote_cloudflare_html" time="0.000" /><testcase classname="ISBN.tests.test_booksrun_client" name="test_get_sell_quote_missing_key" time="0.000" /></testsuite></testsuites>